sample.interval=20000
"lazyLoadDBinsertVariable" "<Anonymous>" "<Anonymous>" "block_cache" "block_exec" "call_block" "process_group.block" "process_group" "withCallingHandlers" "process_file" "knit" "ifelse" "force" "in_dir" "parse_page" "slidify" 
"paste" "knit" "ifelse" "force" "in_dir" "parse_page" "slidify" 
"regexec" "do.call" "re_call" "str_match" "as.list" "setNames" "parse_body" "FUN" "apply" "FUN" "lapply" "f" "%|%" "f" "%|%" "force" "in_dir" "parse_page" "slidify" 
"readLines" "paste" "read_file" "str_split_fixed" "f" "%|%" "str_split" "f" "%|%" "paste" "get_slide_rmd" "f" "%|%" "force" "in_dir" "parse_page" "slidify" 
"file" "readLines" "paste" "FUN" "lapply" "setNames" "FUN" "lapply" "Reduce" "get_layouts" "force" "in_dir" "render_page" "slidify" 
"$<-.data.frame" "$<-" "getKeyInfo" "parseTemplate" "whisker.render" "FUN" "lapply" "render_slides" "force" "in_dir" "render_page" "slidify" 
"regexpr" "inlineStandAlone" "replace_delim_tags" "parseTemplate" "whisker.render" "FUN" "lapply" "render_slides" "force" "in_dir" "render_page" "slidify" 
"as.list" "renderTemplate" "tmpl" "whisker.render" "gsub" "f" "%|%" "gsub" "f" "%|%" "gsub" "f" "%|%" "f" "%|%" "FUN" "lapply" "render_slides" "force" "in_dir" "render_page" "slidify" 
"gsub" "inlineStandAlone" "parseTemplate" "whisker.render" "gsub" "f" "%|%" "gsub" "f" "%|%" "gsub" "f" "%|%" "f" "%|%" "FUN" "lapply" "render_slides" "force" "in_dir" "render_page" "slidify" 
"substring" "getKeyInfo" "parseTemplate" "whisker.render" "gsub" "f" "%|%" "gsub" "f" "%|%" "gsub" "f" "%|%" "f" "%|%" "FUN" "lapply" "render_slides" "force" "in_dir" "render_page" "slidify" 
"gsub" "replace_delim_tags" "parseTemplate" "whisker.render" "FUN" "lapply" "render_slides" "force" "in_dir" "render_page" "slidify" 
"regexpr" "inlineStandAlone" "replace_delim_tags" "parseTemplate" "partial" "parseTemplate" "whisker.render" "cat" "force" "in_dir" "render_page" "slidify" 
"strSub" "str.default" "str" "doTryCatch" "tryCatchOne" "tryCatchList" "tryCatch" "try" "eval" "eval" "withVisible" "evalVis" "capture.output" ".rs.valueFromStr" "doTryCatch" "tryCatchOne" "tryCatchList" "tryCatch" ".rs.valueContents" "<Anonymous>" 
"unnamed_chunk" "parse_params" "parse_block" "FUN" "lapply" "split_file" "process_file" "knit" "ifelse" "force" "in_dir" "parse_page" "slidify" 
"prettyNum" "format.default" "format" "format.fun" "paste" "formObj" "cat" "str.default" "str" "<Anonymous>" "do.call" "strSub" "str.default" "str" "print.block" "print" "call_block" "process_group.block" "process_group" "withCallingHandlers" "process_file" "knit" "ifelse" "force" "in_dir" "parse_page" "slidify" 
"call_block" "process_group.block" "process_group" "withCallingHandlers" "process_file" "knit" "ifelse" "force" "in_dir" "parse_page" "slidify" 
"lapply" "unlist" "Filter" "compact" "do.call" "re_call" "str_match" "as.list" "setNames" "parse_body" "FUN" "apply" "FUN" "lapply" "f" "%|%" "f" "%|%" "force" "in_dir" "parse_page" "slidify" 
"regexec" "do.call" "re_call" "str_match" "as.list" "setNames" "parse_body" "FUN" "apply" "FUN" "lapply" "f" "%|%" "f" "%|%" "force" "in_dir" "parse_page" "slidify" 
"lapply" "sapply" "t" "f" "%|%" "FUN" "lapply" "f" "%|%" "f" "%|%" "force" "in_dir" "parse_page" "slidify" 
"regexpr" "inlineStandAlone" "parseTemplate" "whisker.render" "FUN" "lapply" "sapply" "as.list" "force" "in_dir" "render_page" "slidify" 
"regexpr" "rxsplit" "replace_delim_tags" "parseTemplate" "whisker.render" "FUN" "lapply" "render_slides" "force" "in_dir" "render_page" "slidify" 
"[<-.factor" "[<-" "getKeyInfo" "parseTemplate" "whisker.render" "FUN" "lapply" "render_slides" "force" "in_dir" "render_page" "slidify" 
"modifyList" "FUN" "lapply" "render_slides" "force" "in_dir" "render_page" "slidify" 
"getKeyInfo" "parseTemplate" "whisker.render" "gsub" "f" "%|%" "gsub" "f" "%|%" "gsub" "f" "%|%" "f" "%|%" "FUN" "lapply" "render_slides" "force" "in_dir" "render_page" "slidify" 
"grep" "[<-.factor" "[<-" "getKeyInfo" "parseTemplate" "whisker.render" "gsub" "f" "%|%" "gsub" "f" "%|%" "gsub" "f" "%|%" "f" "%|%" "FUN" "lapply" "render_slides" "force" "in_dir" "render_page" "slidify" 
"mapply" "renderTemplate" "tmpl" "whisker.render" "FUN" "lapply" "render_slides" "force" "in_dir" "render_page" "slidify" 
"gsub" "getKeyInfo" "parseTemplate" "whisker.render" "gsub" "f" "%|%" "gsub" "f" "%|%" "gsub" "f" "%|%" "f" "%|%" "FUN" "lapply" "render_slides" "force" "in_dir" "render_page" "slidify" 
"gsub" "inlineStandAlone" "replace_delim_tags" "parseTemplate" "partial" "parseTemplate" "whisker.render" "cat" "force" "in_dir" "render_page" "slidify" 
"<Anonymous>" "do.call" "renderTemplate" "FUN" "lapply" "sapply" "processSection" "render" "<Anonymous>" "mapply" "renderTemplate" "tmpl" "render" "<Anonymous>" "mapply" "renderTemplate" "tmpl" "whisker.render" "cat" "force" "in_dir" "render_page" "slidify" 
"do.call" "re_call" "str_replace_all" "str_trim" "parse_block" "FUN" "lapply" "split_file" "process_file" "knit" "ifelse" "force" "in_dir" "parse_page" "slidify" 
"%n%" "fix_options" "call_block" "process_group.block" "process_group" "withCallingHandlers" "process_file" "knit" "ifelse" "force" "in_dir" "parse_page" "slidify" 
"pmatch" ".deparseOpts" "deparse" "eval" "match.arg" "format.default" "format" "str.default" "str" "print.block" "print" "call_block" "process_group.block" "process_group" "withCallingHandlers" "process_file" "knit" "ifelse" "force" "in_dir" "parse_page" "slidify" 
"inline_exec" "in_dir" "call_inline" "process_group.inline" "process_group" "withCallingHandlers" "process_file" "knit" "ifelse" "force" "in_dir" "parse_page" "slidify" 
"nchar" "str_length" "str_match" "as.list" "setNames" "parse_body" "FUN" "apply" "FUN" "lapply" "f" "%|%" "f" "%|%" "force" "in_dir" "parse_page" "slidify" 
"aperm" "apply" "FUN" "lapply" "f" "%|%" "f" "%|%" "force" "in_dir" "parse_page" "slidify" 
"paste" "inlinePartial" "parseTemplate" "whisker.render" "FUN" "lapply" "sapply" "as.list" "force" "in_dir" "render_page" "slidify" 
"is.na" "noNA.levels" "Ops.factor" "==" "parseTemplate" "whisker.render" "gsub" "f" "%|%" "gsub" "f" "%|%" "gsub" "f" "%|%" "f" "%|%" "FUN" "lapply" "render_slides" "force" "in_dir" "render_page" "slidify" 
"gsub" "f" "%|%" "gsub" "f" "%|%" "gsub" "f" "%|%" "f" "%|%" "FUN" "lapply" "render_slides" "force" "in_dir" "render_page" "slidify" 
"$<-.data.frame" "$<-" "getKeyInfo" "parseTemplate" "whisker.render" "gsub" "f" "%|%" "gsub" "f" "%|%" "gsub" "f" "%|%" "f" "%|%" "FUN" "lapply" "render_slides" "force" "in_dir" "render_page" "slidify" 
"[.factor" "[" "parseTemplate" "whisker.render" "gsub" "f" "%|%" "gsub" "f" "%|%" "gsub" "f" "%|%" "f" "%|%" "FUN" "lapply" "render_slides" "force" "in_dir" "render_page" "slidify" 
"<Anonymous>" "do.call" "renderTemplate" "tmpl" "whisker.render" "gsub" "f" "%|%" "gsub" "f" "%|%" "gsub" "f" "%|%" "f" "%|%" "FUN" "lapply" "render_slides" "force" "in_dir" "render_page" "slidify" 
"regexpr" "inlineStandAlone" "replace_delim_tags" "parseTemplate" "whisker.render" "FUN" "lapply" "render_slides" "force" "in_dir" "render_page" "slidify" 
"paste" "renderText" "gsub" "whisker.escape" "render" "<Anonymous>" "mapply" "renderTemplate" "tmpl" "whisker.render" "gsub" "f" "%|%" "gsub" "f" "%|%" "gsub" "f" "%|%" "f" "%|%" "FUN" "lapply" "render_slides" "force" "in_dir" "render_page" "slidify" 
"sub" "replace_delim_tags" "parseTemplate" "partial" "parseTemplate" "whisker.render" "cat" "force" "in_dir" "render_page" "slidify" 
"paste" "str.default" "str" "<Anonymous>" "do.call" "strSub" "str.default" "str" "doTryCatch" "tryCatchOne" "tryCatchList" "tryCatch" "try" "eval" "eval" "withVisible" "evalVis" "capture.output" ".rs.valueFromStr" "doTryCatch" "tryCatchOne" "tryCatchList" "tryCatch" ".rs.valueContents" "<Anonymous>" 
"unlist" "Filter" "compact" "do.call" "re_call" "str_replace_all" "str_trim" "parse_block" "FUN" "lapply" "split_file" "process_file" "knit" "ifelse" "force" "in_dir" "parse_page" "slidify" 
"strSub" "str.default" "str" "print.block" "print" "call_block" "process_group.block" "process_group" "withCallingHandlers" "process_file" "knit" "ifelse" "force" "in_dir" "parse_page" "slidify" 
"format" "str.default" "str" "print.block" "print" "call_block" "process_group.block" "process_group" "withCallingHandlers" "process_file" "knit" "ifelse" "force" "in_dir" "parse_page" "slidify" 
"knit_print.default" "knit_print" "inline_exec" "in_dir" "call_inline" "process_group.inline" "process_group" "withCallingHandlers" "process_file" "knit" "ifelse" "force" "in_dir" "parse_page" "slidify" 
"rendererOutputType" "renderMarkdown" "md2html" "ifelse" "parse_body" "FUN" "apply" "FUN" "lapply" "f" "%|%" "f" "%|%" "force" "in_dir" "parse_page" "slidify" 
"FUN" "lapply" "unlist" "Filter" "compact" "do.call" "re_call" "str_replace_all" "check_string" "str_length" "str_match" "as.list" "setNames" "parse_body" "FUN" "apply" "FUN" "lapply" "f" "%|%" "f" "%|%" "force" "in_dir" "parse_page" "slidify" 
"readLines" "paste" "read_file" "force" "in_dir" "parse_page" "slidify" 
"gsub" "FUN" "lapply" "expand_layouts" "get_layouts" "force" "in_dir" "render_page" "slidify" 
"list" "as.data.frame.vector" "as.data.frame.character" "as.data.frame" "data.frame" "getKeyInfo" "parseTemplate" "whisker.render" "gsub" "f" "%|%" "gsub" "f" "%|%" "gsub" "f" "%|%" "f" "%|%" "FUN" "lapply" "render_slides" "force" "in_dir" "render_page" "slidify" 
"getKeyInfo" "parseTemplate" "whisker.render" "gsub" "f" "%|%" "gsub" "f" "%|%" "gsub" "f" "%|%" "f" "%|%" "FUN" "lapply" "render_slides" "force" "in_dir" "render_page" "slidify" 
"$<-.data.frame" "$<-" "getKeyInfo" "parseTemplate" "whisker.render" "gsub" "f" "%|%" "gsub" "f" "%|%" "gsub" "f" "%|%" "f" "%|%" "FUN" "lapply" "render_slides" "force" "in_dir" "render_page" "slidify" 
"gsub" "getKeyInfo" "parseTemplate" "whisker.render" "FUN" "lapply" "render_slides" "force" "in_dir" "render_page" "slidify" 
"length" "length" "dim.data.frame" "dim" "dim" "nrow" "parseTemplate" "whisker.render" "FUN" "lapply" "render_slides" "force" "in_dir" "render_page" "slidify" 
"==" "parseTemplate" "whisker.render" "gsub" "f" "%|%" "gsub" "f" "%|%" "gsub" "f" "%|%" "f" "%|%" "FUN" "lapply" "render_slides" "force" "in_dir" "render_page" "slidify" 
"gregexpr" "getKeyInfo" "parseTemplate" "partial" "parseTemplate" "whisker.render" "cat" "force" "in_dir" "render_page" "slidify" 
"paste" "<Anonymous>" 
"grepl" "FUN" "lapply" "split_file" "process_file" "knit" "ifelse" "force" "in_dir" "parse_page" "slidify" 
"str.default" "str" "print.block" "print" "call_block" "process_group.block" "process_group" "withCallingHandlers" "process_file" "knit" "ifelse" "force" "in_dir" "parse_page" "slidify" 
"c" "eval" "eval" "match.arg" "prettyNum" "format.default" "format" "format.fun" "paste" "formObj" "cat" "str.default" "str" "<Anonymous>" "do.call" "strSub" "str.default" "str" "print.block" "print" "call_block" "process_group.block" "process_group" "withCallingHandlers" "process_file" "knit" "ifelse" "force" "in_dir" "parse_page" "slidify" 
"grepl" "FUN" "lapply" "sapply" "t" "f" "%|%" "FUN" "lapply" "f" "%|%" "f" "%|%" "force" "in_dir" "parse_page" "slidify" 
"aperm.default" "aperm" "apply" "FUN" "lapply" "f" "%|%" "f" "%|%" "force" "in_dir" "parse_page" "slidify" 
"is.na" "Filter" "compact" "do.call" "re_call" "str_replace_all" "str_match" "as.list" "setNames" "parse_body" "FUN" "apply" "FUN" "lapply" "f" "%|%" "f" "%|%" "force" "in_dir" "parse_page" "slidify" 
"renderTemplate" "FUN" "lapply" "sapply" "processSection" "render" "<Anonymous>" "mapply" "renderTemplate" "tmpl" "whisker.render" "FUN" "lapply" "sapply" "as.list" "force" "in_dir" "render_page" "slidify" 
"getKeyInfo" "parseTemplate" "whisker.render" "FUN" "lapply" "render_slides" "force" "in_dir" "render_page" "slidify" 
"parseTemplate" "whisker.render" "gsub" "f" "%|%" "gsub" "f" "%|%" "gsub" "f" "%|%" "f" "%|%" "FUN" "lapply" "render_slides" "force" "in_dir" "render_page" "slidify" 
"*" "renderTemplate" "tmpl" "whisker.render" "gsub" "f" "%|%" "gsub" "f" "%|%" "gsub" "f" "%|%" "f" "%|%" "FUN" "lapply" "render_slides" "force" "in_dir" "render_page" "slidify" 
"match" "[<-.factor" "[<-" "getKeyInfo" "parseTemplate" "whisker.render" "FUN" "lapply" "render_slides" "force" "in_dir" "render_page" "slidify" 
"grep" "[<-.factor" "[<-" "getKeyInfo" "parseTemplate" "whisker.render" "FUN" "lapply" "render_slides" "force" "in_dir" "render_page" "slidify" 
"data.frame" "getKeyInfo" "parseTemplate" "whisker.render" "FUN" "lapply" "render_slides" "force" "in_dir" "render_page" "slidify" 
"$" "parseTemplate" "partial" "parseTemplate" "whisker.render" "cat" "force" "in_dir" "render_page" "slidify" 
